<?xml version="1.0" encoding="UTF-8"?>
<!-- Generated by org.testng.reporters.JUnitReportReporter -->
<testsuite skipped="11" hostname="DESKTOP-KQHR363" name="com.agrisoft.qa.testcases.SupplierDetailsTest" tests="12" failures="0" timestamp="2021-03-04T16:45:54 IST" time="19.477" errors="1">
  <testcase name="validateSupplierDeatailsPageTest" time="0.000" classname="com.agrisoft.qa.testcases.SupplierDetailsTest">
    <skipped/>
  </testcase> <!-- validateSupplierDeatailsPageTest -->
  <system-out/>
  <testcase name="validateSupplierDeatailsPageTest" time="0.000" classname="com.agrisoft.qa.testcases.SupplierDetailsTest">
    <skipped/>
  </testcase> <!-- validateSupplierDeatailsPageTest -->
  <system-out/>
  <testcase name="validateSupplierDeatailsPageTest" time="0.000" classname="com.agrisoft.qa.testcases.SupplierDetailsTest">
    <skipped/>
  </testcase> <!-- validateSupplierDeatailsPageTest -->
  <system-out/>
  <testcase name="validateSupplierDeatailsPageTest" time="0.000" classname="com.agrisoft.qa.testcases.SupplierDetailsTest">
    <skipped/>
  </testcase> <!-- validateSupplierDeatailsPageTest -->
  <system-out/>
  <testcase name="validateSupplierDeatailsPageTest" time="0.000" classname="com.agrisoft.qa.testcases.SupplierDetailsTest">
    <skipped/>
  </testcase> <!-- validateSupplierDeatailsPageTest -->
  <system-out/>
  <testcase name="validateSupplierDeatailsPageTest" time="0.000" classname="com.agrisoft.qa.testcases.SupplierDetailsTest">
    <skipped/>
  </testcase> <!-- validateSupplierDeatailsPageTest -->
  <system-out/>
  <testcase name="validateSupplierDeatailsPageTest" time="0.000" classname="com.agrisoft.qa.testcases.SupplierDetailsTest">
    <skipped/>
  </testcase> <!-- validateSupplierDeatailsPageTest -->
  <system-out/>
  <testcase name="validateSupplierDeatailsPageTest" time="0.000" classname="com.agrisoft.qa.testcases.SupplierDetailsTest">
    <skipped/>
  </testcase> <!-- validateSupplierDeatailsPageTest -->
  <system-out/>
  <testcase name="setup" time="19.477" classname="com.agrisoft.qa.testcases.SupplierDetailsTest">
    <error type="org.openqa.selenium.WebDriverException" message="chrome not reachable
  (Session info: chrome=88.0.4324.190)
Build info: version: &#039;3.141.59&#039;, revision: &#039;e82be7d358&#039;, time: &#039;2018-11-14T08:17:03&#039;
System info: host: &#039;DESKTOP-KQHR363&#039;, ip: &#039;127.0.0.1&#039;, os.name: &#039;Windows 10&#039;, os.arch: &#039;amd64&#039;, os.version: &#039;10.0&#039;, java.version: &#039;1.8.0_261&#039;
Driver info: org.openqa.selenium.chrome.ChromeDriver
Capabilities {acceptInsecureCerts: false, browserName: chrome, browserVersion: 88.0.4324.190, chrome: {chromedriverVersion: 87.0.4280.88 (89e2380a3e36c..., userDataDir: C:\Users\mvhas\AppData\Loca...}, goog:chromeOptions: {debuggerAddress: localhost:54337}, javascriptEnabled: true, networkConnectionEnabled: false, pageLoadStrategy: normal, platform: WINDOWS, platformName: WINDOWS, proxy: Proxy(), setWindowRect: true, strictFileInteractability: false, timeouts: {implicit: 0, pageLoad: 300000, script: 30000}, unhandledPromptBehavior: dismiss and notify, webauthn:virtualAuthenticators: true}
Session ID: d5833922b559e10fca49fc002df632a5">
      <![CDATA[org.openqa.selenium.WebDriverException: chrome not reachable
  (Session info: chrome=88.0.4324.190)
Build info: version: '3.141.59', revision: 'e82be7d358', time: '2018-11-14T08:17:03'
System info: host: 'DESKTOP-KQHR363', ip: '127.0.0.1', os.name: 'Windows 10', os.arch: 'amd64', os.version: '10.0', java.version: '1.8.0_261'
Driver info: org.openqa.selenium.chrome.ChromeDriver
Capabilities {acceptInsecureCerts: false, browserName: chrome, browserVersion: 88.0.4324.190, chrome: {chromedriverVersion: 87.0.4280.88 (89e2380a3e36c..., userDataDir: C:\Users\mvhas\AppData\Loca...}, goog:chromeOptions: {debuggerAddress: localhost:54337}, javascriptEnabled: true, networkConnectionEnabled: false, pageLoadStrategy: normal, platform: WINDOWS, platformName: WINDOWS, proxy: Proxy(), setWindowRect: true, strictFileInteractability: false, timeouts: {implicit: 0, pageLoad: 300000, script: 30000}, unhandledPromptBehavior: dismiss and notify, webauthn:virtualAuthenticators: true}
Session ID: d5833922b559e10fca49fc002df632a5
at sun.reflect.NativeConstructorAccessorImpl.newInstance0(Native Method)
at sun.reflect.NativeConstructorAccessorImpl.newInstance(Unknown Source)
at sun.reflect.DelegatingConstructorAccessorImpl.newInstance(Unknown Source)
at java.lang.reflect.Constructor.newInstance(Unknown Source)
at org.openqa.selenium.remote.http.W3CHttpResponseCodec.createException(W3CHttpResponseCodec.java:187)
at org.openqa.selenium.remote.http.W3CHttpResponseCodec.decode(W3CHttpResponseCodec.java:122)
at org.openqa.selenium.remote.http.W3CHttpResponseCodec.decode(W3CHttpResponseCodec.java:49)
at org.openqa.selenium.remote.HttpCommandExecutor.execute(HttpCommandExecutor.java:158)
at org.openqa.selenium.remote.service.DriverCommandExecutor.execute(DriverCommandExecutor.java:83)
at org.openqa.selenium.remote.RemoteWebDriver.execute(RemoteWebDriver.java:552)
at org.openqa.selenium.remote.RemoteWebDriver.execute(RemoteWebDriver.java:609)
at org.openqa.selenium.remote.RemoteWebDriver$RemoteWebDriverOptions$RemoteWindow.maximize(RemoteWebDriver.java:837)
at com.agrisoft.qa.base.TestBase.initialization(TestBase.java:37)
at com.agrisoft.qa.testcases.SupplierDetailsTest.setup(SupplierDetailsTest.java:32)
at sun.reflect.NativeMethodAccessorImpl.invoke0(Native Method)
at sun.reflect.NativeMethodAccessorImpl.invoke(Unknown Source)
at sun.reflect.DelegatingMethodAccessorImpl.invoke(Unknown Source)
at java.lang.reflect.Method.invoke(Unknown Source)
at org.testng.internal.MethodInvocationHelper.invokeMethod(MethodInvocationHelper.java:132)
at org.testng.internal.MethodInvocationHelper.invokeMethodConsideringTimeout(MethodInvocationHelper.java:61)
at org.testng.internal.ConfigInvoker.invokeConfigurationMethod(ConfigInvoker.java:366)
at org.testng.internal.ConfigInvoker.invokeConfigurations(ConfigInvoker.java:320)
at org.testng.internal.TestInvoker.runConfigMethods(TestInvoker.java:701)
at org.testng.internal.TestInvoker.invokeMethod(TestInvoker.java:527)
at org.testng.internal.TestInvoker.invokeTestMethod(TestInvoker.java:174)
at org.testng.internal.MethodRunner.runInSequence(MethodRunner.java:46)
at org.testng.internal.TestInvoker$MethodInvocationAgent.invoke(TestInvoker.java:822)
at org.testng.internal.TestInvoker.invokeTestMethods(TestInvoker.java:147)
at org.testng.internal.TestMethodWorker.invokeTestMethods(TestMethodWorker.java:146)
at org.testng.internal.TestMethodWorker.run(TestMethodWorker.java:128)
at java.util.ArrayList.forEach(Unknown Source)
at org.testng.TestRunner.privateRun(TestRunner.java:764)
at org.testng.TestRunner.run(TestRunner.java:585)
at org.testng.SuiteRunner.runTest(SuiteRunner.java:384)
at org.testng.SuiteRunner.runSequentially(SuiteRunner.java:378)
at org.testng.SuiteRunner.privateRun(SuiteRunner.java:337)
at org.testng.SuiteRunner.run(SuiteRunner.java:286)
at org.testng.SuiteRunnerWorker.runSuite(SuiteRunnerWorker.java:53)
at org.testng.SuiteRunnerWorker.run(SuiteRunnerWorker.java:96)
at org.testng.TestNG.runSuitesSequentially(TestNG.java:1218)
at org.testng.TestNG.runSuitesLocally(TestNG.java:1140)
at org.testng.TestNG.runSuites(TestNG.java:1069)
at org.testng.TestNG.run(TestNG.java:1037)
at org.testng.remote.AbstractRemoteTestNG.run(AbstractRemoteTestNG.java:115)
at org.testng.remote.RemoteTestNG.initAndRun(RemoteTestNG.java:251)
at org.testng.remote.RemoteTestNG.main(RemoteTestNG.java:77)
]]>
    </error>
  </testcase> <!-- setup -->
  <system-out/>
  <testcase name="validateSupplierDeatailsPageTest" time="0.000" classname="com.agrisoft.qa.testcases.SupplierDetailsTest">
    <skipped/>
  </testcase> <!-- validateSupplierDeatailsPageTest -->
  <system-out/>
  <testcase name="validateSupplierDeatailsPageTest" time="0.000" classname="com.agrisoft.qa.testcases.SupplierDetailsTest">
    <skipped/>
  </testcase> <!-- validateSupplierDeatailsPageTest -->
  <system-out/>
  <testcase name="validateSupplierDeatailsPageTest" time="0.000" classname="com.agrisoft.qa.testcases.SupplierDetailsTest">
    <skipped/>
  </testcase> <!-- validateSupplierDeatailsPageTest -->
  <system-out/>
</testsuite> <!-- com.agrisoft.qa.testcases.SupplierDetailsTest -->
